<?xml version="1.0" encoding="UTF-8"?>
<!-- Generated by org.testng.reporters.JUnitReportReporter -->
<testsuite hostname="DESKTOP-58A45SP" failures="0" tests="1" name="com.Pracrice_Day_15_TestNG.TestNG_Practice" time="0.013" errors="0" timestamp="2022-09-06T19:49:24 IST" skipped="0">
  <testcase classname="com.Pracrice_Day_15_TestNG.TestNG_Practice" name="test" time="0.013"/>
  <system-out/>
</testsuite> <!-- com.Pracrice_Day_15_TestNG.TestNG_Practice -->
